<?xml version="1.0" encoding="UTF-8"?>
<!-- Generated by org.testng.reporters.JUnitXMLReporter -->
<testsuite hostname="DESKTOP-6J1D759" ignored="1" name="Default test(failed)(failed)(failed)" tests="1" failures="1" timestamp="2023-03-07T17:45:40 IST" time="45.436" errors="0">
  <testcase name="checkWidgetsESSTest" time="17.962" classname="Tests.DashboardWidgetsTest">
    <failure type="java.lang.AssertionError" message="expected [false] but found [true]">
      <![CDATA[java.lang.AssertionError: expected [false] but found [true]
at Tests.DashboardWidgetsTest.checkWidgetsESSTest(DashboardWidgetsTest.java:49)
at java.util.ArrayList.forEach(Unknown Source)
... Removed 31 stack frames]]>
    </failure>
  </testcase> <!-- checkWidgetsESSTest -->
  <testcase name="checkWidgetsAdminTest" time="0.0" classname="Tests.DashboardWidgetsTest">
    <ignored/>
  </testcase> <!-- checkWidgetsAdminTest -->
</testsuite> <!-- Default test(failed)(failed)(failed) -->
