<?xml version="1.0" encoding="UTF-8"?>
<!-- Generated by org.testng.reporters.JUnitXMLReporter -->
<testsuite hostname="DESKTOP-6J1D759" ignored="1" name="Default test(failed)(failed)(failed)(failed)" tests="1" failures="1" timestamp="2023-03-07T17:48:53 IST" time="109.625" errors="0">
  <testcase name="checkWidgetsESSTest" time="83.504" classname="Tests.DashboardWidgetsTest">
    <failure type="org.openqa.selenium.NoSuchElementException" message="Unable to find element with locator By.xpath: //p[text()=&amp;apos;Employee Distribution by Sub Unit&amp;apos;]
For documentation on this error, please visit: https://selenium.dev/exceptions/#no_such_element
Build info: version: &amp;apos;4.7.0&amp;apos;, revision: &amp;apos;0a5b49d16f&amp;apos;
System info: os.name: &amp;apos;Windows 10&amp;apos;, os.arch: &amp;apos;amd64&amp;apos;, os.version: &amp;apos;10.0&amp;apos;, java.version: &amp;apos;1.8.0_202&amp;apos;
Driver info: driver.version: RemoteWebDriver">
      <![CDATA[org.openqa.selenium.NoSuchElementException: Unable to find element with locator By.xpath: //p[text()='Employee Distribution by Sub Unit']
For documentation on this error, please visit: https://selenium.dev/exceptions/#no_such_element
Build info: version: '4.7.0', revision: '0a5b49d16f'
System info: os.name: 'Windows 10', os.arch: 'amd64', os.version: '10.0', java.version: '1.8.0_202'
Driver info: driver.version: RemoteWebDriver
at org.openqa.selenium.remote.ElementLocation$ElementFinder$2.findElement(ElementLocation.java:165)
at org.openqa.selenium.remote.ElementLocation.findElement(ElementLocation.java:60)
at org.openqa.selenium.remote.RemoteWebDriver.findElement(RemoteWebDriver.java:365)
at org.openqa.selenium.remote.RemoteWebDriver.findElement(RemoteWebDriver.java:357)
at Pages.DashboardWidgetsPage.checkEmployeeDistributionBySubUnitWidget(DashboardWidgetsPage.java:36)
at Tests.DashboardWidgetsTest.checkWidgetsESSTest(DashboardWidgetsTest.java:49)
at java.util.ArrayList.forEach(Unknown Source)
... Removed 27 stack frames]]>
    </failure>
  </testcase> <!-- checkWidgetsESSTest -->
  <testcase name="checkWidgetsAdminTest" time="0.0" classname="Tests.DashboardWidgetsTest">
    <ignored/>
  </testcase> <!-- checkWidgetsAdminTest -->
</testsuite> <!-- Default test(failed)(failed)(failed)(failed) -->
